  [1m[35m (0.1ms)[0m  [1m[34mSELECT sqlite_version(*)[0m
  ↳ bin/rails:9
  [1m[35m (1.2ms)[0m  [1m[35mCREATE TABLE "schema_migrations" ("version" varchar NOT NULL PRIMARY KEY)[0m
  ↳ bin/rails:9
  [1m[35m (1.1ms)[0m  [1m[35mCREATE TABLE "ar_internal_metadata" ("key" varchar NOT NULL PRIMARY KEY, "value" varchar, "created_at" datetime NOT NULL, "updated_at" datetime NOT NULL)[0m
  ↳ bin/rails:9
  [1m[35m (0.2ms)[0m  [1m[34mSELECT "schema_migrations"."version" FROM "schema_migrations" ORDER BY "schema_migrations"."version" ASC[0m
  ↳ bin/rails:9
Migrating to CreateUsers (20190730201844)
  [1m[35m (0.1ms)[0m  [1m[36mbegin transaction[0m
  ↳ bin/rails:9
  [1m[35m (0.5ms)[0m  [1m[35mCREATE TABLE "users" ("id" integer PRIMARY KEY AUTOINCREMENT NOT NULL, "name" varchar, "password_digest" varchar, "created_at" datetime NOT NULL, "updated_at" datetime NOT NULL)[0m
  ↳ db/migrate/20190730201844_create_users.rb:3
  [1m[36mActiveRecord::SchemaMigration Create (0.5ms)[0m  [1m[32mINSERT INTO "schema_migrations" ("version") VALUES (?)[0m  [["version", "20190730201844"]]
  ↳ bin/rails:9
  [1m[35m (0.8ms)[0m  [1m[36mcommit transaction[0m
  ↳ bin/rails:9
  [1m[36mActiveRecord::InternalMetadata Load (0.1ms)[0m  [1m[34mSELECT  "ar_internal_metadata".* FROM "ar_internal_metadata" WHERE "ar_internal_metadata"."key" = ? LIMIT ?[0m  [["key", "environment"], ["LIMIT", 1]]
  ↳ bin/rails:9
  [1m[35m (0.0ms)[0m  [1m[36mbegin transaction[0m
  ↳ bin/rails:9
  [1m[36mActiveRecord::InternalMetadata Create (0.3ms)[0m  [1m[32mINSERT INTO "ar_internal_metadata" ("key", "value", "created_at", "updated_at") VALUES (?, ?, ?, ?)[0m  [["key", "environment"], ["value", "development"], ["created_at", "2019-07-30 20:19:32.854608"], ["updated_at", "2019-07-30 20:19:32.854608"]]
  ↳ bin/rails:9
  [1m[35m (1.0ms)[0m  [1m[36mcommit transaction[0m
  ↳ bin/rails:9
  [1m[35m (0.2ms)[0m  [1m[34mSELECT "schema_migrations"."version" FROM "schema_migrations" ORDER BY "schema_migrations"."version" ASC[0m
  ↳ bin/rails:9
  [1m[35m (0.1ms)[0m  [1m[36mbegin transaction[0m
  [1m[36mUser Create (0.6ms)[0m  [1m[32mINSERT INTO "users" ("name", "password_digest", "created_at", "updated_at") VALUES (?, ?, ?, ?)[0m  [["name", "Vidhi"], ["password_digest", "$2a$12$VARpRu7Q4nSy3Qjlu1HVieNuo/WZ7GiVQcpnGsnpNetodlBeRl8pK"], ["created_at", "2019-07-30 20:22:08.514947"], ["updated_at", "2019-07-30 20:22:08.514947"]]
  [1m[35m (2.2ms)[0m  [1m[36mcommit transaction[0m
  [1m[36mUser Load (0.3ms)[0m  [1m[34mSELECT  "users".* FROM "users" ORDER BY "users"."id" ASC LIMIT ?[0m  [["LIMIT", 1]]
  [1m[36mUser Load (0.2ms)[0m  [1m[34mSELECT  "users".* FROM "users" ORDER BY "users"."id" ASC LIMIT ?[0m  [["LIMIT", 1]]
  [1m[36mUser Load (0.2ms)[0m  [1m[34mSELECT  "users".* FROM "users" ORDER BY "users"."id" ASC LIMIT ?[0m  [["LIMIT", 1]]
  [1m[35m (0.1ms)[0m  [1m[36mbegin transaction[0m
  [1m[36mUser Create (0.4ms)[0m  [1m[32mINSERT INTO "users" ("name", "password_digest", "created_at", "updated_at") VALUES (?, ?, ?, ?)[0m  [["name", "Syed"], ["password_digest", "$2a$12$soVbFaMkdEJpAq8tj77CmO2863iL/W85EyDs/yNgvwDKFIxnLozDe"], ["created_at", "2019-07-30 20:23:35.829287"], ["updated_at", "2019-07-30 20:23:35.829287"]]
  [1m[35m (1.3ms)[0m  [1m[36mcommit transaction[0m
  [1m[36mUser Load (0.3ms)[0m  [1m[34mSELECT  "users".* FROM "users" ORDER BY "users"."id" ASC LIMIT ?[0m  [["LIMIT", 1]]
  [1m[36mUser Load (0.1ms)[0m  [1m[34mSELECT  "users".* FROM "users" ORDER BY "users"."id" ASC LIMIT ?[0m  [["LIMIT", 1]]
  [1m[36mUser Load (0.3ms)[0m  [1m[34mSELECT  "users".* FROM "users" ORDER BY "users"."id" ASC LIMIT ?[0m  [["LIMIT", 1]]
  [1m[36mUser Load (0.3ms)[0m  [1m[34mSELECT  "users".* FROM "users" ORDER BY "users"."id" ASC LIMIT ?[0m  [["LIMIT", 1]]
  [1m[36mUser Load (0.4ms)[0m  [1m[34mSELECT  "users".* FROM "users" ORDER BY "users"."id" ASC LIMIT ?[0m  [["LIMIT", 1]]
Started GET "/users/new" for ::1 at 2019-07-30 15:31:30 -0500
  [1m[35m (0.5ms)[0m  [1m[34mSELECT "schema_migrations"."version" FROM "schema_migrations" ORDER BY "schema_migrations"."version" ASC[0m
  ↳ /Users/vidhi.sharma/.rvm/gems/ruby-2.6.1/gems/activerecord-5.2.3/lib/active_record/log_subscriber.rb:98
Processing by UsersController#new as HTML
  Rendering users/new.html.erb within layouts/application
  Rendered users/new.html.erb within layouts/application (59.4ms)
Completed 200 OK in 1209ms (Views: 1195.6ms | ActiveRecord: 1.3ms)


Started GET "/users/new" for ::1 at 2019-07-30 15:32:37 -0500
Processing by UsersController#new as HTML
  Rendering users/new.html.erb within layouts/application
  Rendered users/new.html.erb within layouts/application (15.6ms)
Completed 200 OK in 36ms (Views: 34.4ms | ActiveRecord: 0.0ms)


Started POST "/users" for ::1 at 2019-07-30 15:32:56 -0500
Processing by UsersController#create as HTML
  Parameters: {"utf8"=>"✓", "authenticity_token"=>"sBAtDpTbRDXUPug2+n6ZjwEeT84InG8M/hp2o3My42A0VPFX1bb/ZvoQi27vvSjJlZOZKxpm9Wx8x8GxfgACQQ==", "user"=>{"name"=>"Jordan", "password"=>"[FILTERED]"}, "commit"=>"Create User"}
Completed 500 Internal Server Error in 9547ms (ActiveRecord: 0.0ms)


  
SystemExit (exit):
  
(byebug):1:in `exit'
(byebug):1:in `create'
app/controllers/users_controller.rb:9:in `create'
Started GET "/users/new" for ::1 at 2019-07-30 15:33:12 -0500
Processing by UsersController#new as HTML
  Rendering users/new.html.erb within layouts/application
  Rendered users/new.html.erb within layouts/application (35.3ms)
Completed 200 OK in 303ms (Views: 282.3ms | ActiveRecord: 0.0ms)


Started GET "/users/new" for ::1 at 2019-07-30 15:34:00 -0500
Processing by UsersController#new as HTML
  Rendering users/new.html.erb within layouts/application
  Rendered users/new.html.erb within layouts/application (48.1ms)
Completed 200 OK in 476ms (Views: 443.6ms | ActiveRecord: 0.0ms)


Started POST "/users" for ::1 at 2019-07-30 15:35:47 -0500
Processing by UsersController#create as HTML
  Parameters: {"utf8"=>"✓", "authenticity_token"=>"xoNqLF/xw25rxUlfdZEVXUVnyubwoTy749Lq1vv/XKBCx7Z1Hpx4PUXrKgdgUqQb0eocA+JbptthD13E9s29gQ==", "user"=>{"name"=>"Jordan", "password"=>"[FILTERED]", "password_confirmation"=>"[FILTERED]"}, "commit"=>"Create User"}
Completed 500 Internal Server Error in 106888ms (ActiveRecord: 0.5ms)


  
SystemExit (exit):
  
(byebug):1:in `exit'
(byebug):1:in `create'
app/controllers/users_controller.rb:9:in `create'
Started GET "/users/new" for ::1 at 2019-07-30 15:37:41 -0500
Processing by UsersController#new as HTML
  Rendering users/new.html.erb within layouts/application
  Rendered users/new.html.erb within layouts/application (66.3ms)
Completed 200 OK in 471ms (Views: 440.3ms | ActiveRecord: 0.0ms)


Started POST "/users" for ::1 at 2019-07-30 15:37:59 -0500
Processing by UsersController#create as HTML
  Parameters: {"utf8"=>"✓", "authenticity_token"=>"pIQ6YOnPQFE6i09lr/wblLBeS4nqeWvG0vVTH7i0c40gwOY5qKL7AhSlLD26P6rSJNOdbPiD8aZQKOQNtYaSrA==", "user"=>{"name"=>"Jordan", "password"=>"[FILTERED]", "password_confirmation"=>"[FILTERED]"}, "commit"=>"Create User"}
Completed 500 Internal Server Error in 18550ms (ActiveRecord: 0.0ms)


  
SystemExit (exit):
  
(byebug):1:in `exit'
(byebug):1:in `create'
app/controllers/users_controller.rb:9:in `create'
Started GET "/users/new" for ::1 at 2019-07-30 15:43:00 -0500
Processing by UsersController#new as HTML
  Rendering users/new.html.erb within layouts/application
  Rendered users/new.html.erb within layouts/application (68.5ms)
Completed 200 OK in 708ms (Views: 568.3ms | ActiveRecord: 14.5ms)


Started POST "/users" for ::1 at 2019-07-30 15:43:17 -0500
Processing by UsersController#create as HTML
  Parameters: {"utf8"=>"✓", "authenticity_token"=>"OuKEMSWMseQkVQP0lYoIrf70GSd/mjMAi8TGazSKKVS+plhoZOEKtwp7YKyASbnrannPwm1gqWAJGXF5ObjIdQ==", "user"=>{"name"=>"Jordan", "password"=>"[FILTERED]", "password_confirmation"=>"[FILTERED]"}, "commit"=>"Create User"}
  [1m[35m (0.5ms)[0m  [1m[36mbegin transaction[0m
  ↳ app/controllers/users_controller.rb:15
  [1m[36mUser Create (12.2ms)[0m  [1m[32mINSERT INTO "users" ("name", "password_digest", "created_at", "updated_at") VALUES (?, ?, ?, ?)[0m  [["name", "Jordan"], ["password_digest", "$2a$12$jON9vJqCRqCU4kAC2RkR4ue8LueHjT/PuFWdfwOv0AB0D2zP0VdPG"], ["created_at", "2019-07-30 20:43:17.979696"], ["updated_at", "2019-07-30 20:43:17.979696"]]
  ↳ app/controllers/users_controller.rb:15
  [1m[35m (4.2ms)[0m  [1m[36mcommit transaction[0m
  ↳ app/controllers/users_controller.rb:15
Completed 500 Internal Server Error in 1742ms (ActiveRecord: 17.0ms)


  
NoMethodError (undefined method `user_path' for #<UsersController:0x00007f8917018e28>
Did you mean?  users_path):
  
app/controllers/users_controller.rb:16:in `create'
Started POST "/users" for ::1 at 2019-07-30 15:44:15 -0500
Processing by UsersController#create as HTML
  Parameters: {"utf8"=>"✓", "authenticity_token"=>"OuKEMSWMseQkVQP0lYoIrf70GSd/mjMAi8TGazSKKVS+plhoZOEKtwp7YKyASbnrannPwm1gqWAJGXF5ObjIdQ==", "user"=>{"name"=>"Jordan", "password"=>"[FILTERED]", "password_confirmation"=>"[FILTERED]"}, "commit"=>"Create User"}
  [1m[35m (1.9ms)[0m  [1m[36mbegin transaction[0m
  ↳ app/controllers/users_controller.rb:15
  [1m[36mUser Create (1.5ms)[0m  [1m[32mINSERT INTO "users" ("name", "password_digest", "created_at", "updated_at") VALUES (?, ?, ?, ?)[0m  [["name", "Jordan"], ["password_digest", "$2a$12$ErZg4BjWeVDq7PyzPioSSemPmIjdbyBlpkoI5FZQ6lAYhOmhUmfhG"], ["created_at", "2019-07-30 20:44:16.784760"], ["updated_at", "2019-07-30 20:44:16.784760"]]
  ↳ app/controllers/users_controller.rb:15
  [1m[35m (4.5ms)[0m  [1m[36mcommit transaction[0m
  ↳ app/controllers/users_controller.rb:15
Redirected to http://localhost:3000/users/4
Completed 302 Found in 480ms (ActiveRecord: 24.3ms)


Started GET "/users/4" for ::1 at 2019-07-30 15:44:16 -0500
Processing by UsersController#show as HTML
  Parameters: {"id"=>"4"}
  [1m[36mUser Load (10.6ms)[0m  [1m[34mSELECT  "users".* FROM "users" WHERE "users"."id" = ? LIMIT ?[0m  [["id", 4], ["LIMIT", 1]]
  ↳ app/controllers/users_controller.rb:4
  Rendering users/show.html.erb within layouts/application
  Rendered users/show.html.erb within layouts/application (3.4ms)
Completed 200 OK in 701ms (Views: 410.0ms | ActiveRecord: 10.6ms)


Started GET "/users" for ::1 at 2019-07-30 15:44:24 -0500
  
AbstractController::ActionNotFound (The action 'index' could not be found for UsersController):
  
actionpack (5.2.3) lib/abstract_controller/base.rb:129:in `process'
actionview (5.2.3) lib/action_view/rendering.rb:32:in `process'
actionpack (5.2.3) lib/action_controller/metal.rb:191:in `dispatch'
actionpack (5.2.3) lib/action_controller/metal.rb:252:in `dispatch'
actionpack (5.2.3) lib/action_dispatch/routing/route_set.rb:52:in `dispatch'
actionpack (5.2.3) lib/action_dispatch/routing/route_set.rb:34:in `serve'
actionpack (5.2.3) lib/action_dispatch/journey/router.rb:52:in `block in serve'
actionpack (5.2.3) lib/action_dispatch/journey/router.rb:35:in `each'
actionpack (5.2.3) lib/action_dispatch/journey/router.rb:35:in `serve'
actionpack (5.2.3) lib/action_dispatch/routing/route_set.rb:840:in `call'
rack (2.0.7) lib/rack/tempfile_reaper.rb:15:in `call'
rack (2.0.7) lib/rack/etag.rb:25:in `call'
rack (2.0.7) lib/rack/conditional_get.rb:25:in `call'
rack (2.0.7) lib/rack/head.rb:12:in `call'
actionpack (5.2.3) lib/action_dispatch/http/content_security_policy.rb:18:in `call'
rack (2.0.7) lib/rack/session/abstract/id.rb:232:in `context'
rack (2.0.7) lib/rack/session/abstract/id.rb:226:in `call'
actionpack (5.2.3) lib/action_dispatch/middleware/cookies.rb:670:in `call'
activerecord (5.2.3) lib/active_record/migration.rb:559:in `call'
actionpack (5.2.3) lib/action_dispatch/middleware/callbacks.rb:28:in `block in call'
activesupport (5.2.3) lib/active_support/callbacks.rb:98:in `run_callbacks'
actionpack (5.2.3) lib/action_dispatch/middleware/callbacks.rb:26:in `call'
actionpack (5.2.3) lib/action_dispatch/middleware/executor.rb:14:in `call'
actionpack (5.2.3) lib/action_dispatch/middleware/debug_exceptions.rb:61:in `call'
web-console (3.7.0) lib/web_console/middleware.rb:135:in `call_app'
web-console (3.7.0) lib/web_console/middleware.rb:30:in `block in call'
web-console (3.7.0) lib/web_console/middleware.rb:20:in `catch'
web-console (3.7.0) lib/web_console/middleware.rb:20:in `call'
actionpack (5.2.3) lib/action_dispatch/middleware/show_exceptions.rb:33:in `call'
railties (5.2.3) lib/rails/rack/logger.rb:38:in `call_app'
railties (5.2.3) lib/rails/rack/logger.rb:26:in `block in call'
activesupport (5.2.3) lib/active_support/tagged_logging.rb:71:in `block in tagged'
activesupport (5.2.3) lib/active_support/tagged_logging.rb:28:in `tagged'
activesupport (5.2.3) lib/active_support/tagged_logging.rb:71:in `tagged'
railties (5.2.3) lib/rails/rack/logger.rb:26:in `call'
sprockets-rails (3.2.1) lib/sprockets/rails/quiet_assets.rb:13:in `call'
actionpack (5.2.3) lib/action_dispatch/middleware/remote_ip.rb:81:in `call'
actionpack (5.2.3) lib/action_dispatch/middleware/request_id.rb:27:in `call'
rack (2.0.7) lib/rack/method_override.rb:22:in `call'
rack (2.0.7) lib/rack/runtime.rb:22:in `call'
activesupport (5.2.3) lib/active_support/cache/strategy/local_cache_middleware.rb:29:in `call'
actionpack (5.2.3) lib/action_dispatch/middleware/executor.rb:14:in `call'
actionpack (5.2.3) lib/action_dispatch/middleware/static.rb:127:in `call'
rack (2.0.7) lib/rack/sendfile.rb:111:in `call'
railties (5.2.3) lib/rails/engine.rb:524:in `call'
puma (3.12.1) lib/puma/configuration.rb:227:in `call'
puma (3.12.1) lib/puma/server.rb:660:in `handle_request'
puma (3.12.1) lib/puma/server.rb:474:in `process_client'
puma (3.12.1) lib/puma/server.rb:334:in `block in run'
puma (3.12.1) lib/puma/thread_pool.rb:135:in `block in spawn_thread'
Started GET "/users/4" for ::1 at 2019-07-30 15:44:55 -0500
Processing by UsersController#show as HTML
  Parameters: {"id"=>"4"}
  [1m[36mUser Load (1.0ms)[0m  [1m[34mSELECT  "users".* FROM "users" WHERE "users"."id" = ? LIMIT ?[0m  [["id", 4], ["LIMIT", 1]]
  ↳ app/controllers/users_controller.rb:4
  Rendering users/show.html.erb within layouts/application
  Rendered users/show.html.erb within layouts/application (13.0ms)
Completed 200 OK in 452ms (Views: 396.3ms | ActiveRecord: 1.0ms)


Started GET "/users/4/edit" for ::1 at 2019-07-30 15:45:01 -0500
  
AbstractController::ActionNotFound (The action 'edit' could not be found for UsersController):
  
actionpack (5.2.3) lib/abstract_controller/base.rb:129:in `process'
actionview (5.2.3) lib/action_view/rendering.rb:32:in `process'
actionpack (5.2.3) lib/action_controller/metal.rb:191:in `dispatch'
actionpack (5.2.3) lib/action_controller/metal.rb:252:in `dispatch'
actionpack (5.2.3) lib/action_dispatch/routing/route_set.rb:52:in `dispatch'
actionpack (5.2.3) lib/action_dispatch/routing/route_set.rb:34:in `serve'
actionpack (5.2.3) lib/action_dispatch/journey/router.rb:52:in `block in serve'
actionpack (5.2.3) lib/action_dispatch/journey/router.rb:35:in `each'
actionpack (5.2.3) lib/action_dispatch/journey/router.rb:35:in `serve'
actionpack (5.2.3) lib/action_dispatch/routing/route_set.rb:840:in `call'
rack (2.0.7) lib/rack/tempfile_reaper.rb:15:in `call'
rack (2.0.7) lib/rack/etag.rb:25:in `call'
rack (2.0.7) lib/rack/conditional_get.rb:25:in `call'
rack (2.0.7) lib/rack/head.rb:12:in `call'
actionpack (5.2.3) lib/action_dispatch/http/content_security_policy.rb:18:in `call'
rack (2.0.7) lib/rack/session/abstract/id.rb:232:in `context'
rack (2.0.7) lib/rack/session/abstract/id.rb:226:in `call'
actionpack (5.2.3) lib/action_dispatch/middleware/cookies.rb:670:in `call'
activerecord (5.2.3) lib/active_record/migration.rb:559:in `call'
actionpack (5.2.3) lib/action_dispatch/middleware/callbacks.rb:28:in `block in call'
activesupport (5.2.3) lib/active_support/callbacks.rb:98:in `run_callbacks'
actionpack (5.2.3) lib/action_dispatch/middleware/callbacks.rb:26:in `call'
actionpack (5.2.3) lib/action_dispatch/middleware/executor.rb:14:in `call'
actionpack (5.2.3) lib/action_dispatch/middleware/debug_exceptions.rb:61:in `call'
web-console (3.7.0) lib/web_console/middleware.rb:135:in `call_app'
web-console (3.7.0) lib/web_console/middleware.rb:30:in `block in call'
web-console (3.7.0) lib/web_console/middleware.rb:20:in `catch'
web-console (3.7.0) lib/web_console/middleware.rb:20:in `call'
actionpack (5.2.3) lib/action_dispatch/middleware/show_exceptions.rb:33:in `call'
railties (5.2.3) lib/rails/rack/logger.rb:38:in `call_app'
railties (5.2.3) lib/rails/rack/logger.rb:26:in `block in call'
activesupport (5.2.3) lib/active_support/tagged_logging.rb:71:in `block in tagged'
activesupport (5.2.3) lib/active_support/tagged_logging.rb:28:in `tagged'
activesupport (5.2.3) lib/active_support/tagged_logging.rb:71:in `tagged'
railties (5.2.3) lib/rails/rack/logger.rb:26:in `call'
sprockets-rails (3.2.1) lib/sprockets/rails/quiet_assets.rb:13:in `call'
actionpack (5.2.3) lib/action_dispatch/middleware/remote_ip.rb:81:in `call'
actionpack (5.2.3) lib/action_dispatch/middleware/request_id.rb:27:in `call'
rack (2.0.7) lib/rack/method_override.rb:22:in `call'
rack (2.0.7) lib/rack/runtime.rb:22:in `call'
activesupport (5.2.3) lib/active_support/cache/strategy/local_cache_middleware.rb:29:in `call'
actionpack (5.2.3) lib/action_dispatch/middleware/executor.rb:14:in `call'
actionpack (5.2.3) lib/action_dispatch/middleware/static.rb:127:in `call'
rack (2.0.7) lib/rack/sendfile.rb:111:in `call'
railties (5.2.3) lib/rails/engine.rb:524:in `call'
puma (3.12.1) lib/puma/configuration.rb:227:in `call'
puma (3.12.1) lib/puma/server.rb:660:in `handle_request'
puma (3.12.1) lib/puma/server.rb:474:in `process_client'
puma (3.12.1) lib/puma/server.rb:334:in `block in run'
puma (3.12.1) lib/puma/thread_pool.rb:135:in `block in spawn_thread'
Started GET "/login" for ::1 at 2019-07-30 15:58:09 -0500
  
LoadError (Unable to autoload constant SessionController, expected /Users/vidhi.sharma/Documents/My-Cohorts/houston-web-062419/Lecture-Code/24-Rails-Auth/app/controllers/session_controller.rb to define it):
  
activesupport (5.2.3) lib/active_support/dependencies.rb:511:in `load_missing_constant'
bootsnap (1.4.4) lib/bootsnap/load_path_cache/core_ext/active_support.rb:60:in `block in load_missing_constant'
bootsnap (1.4.4) lib/bootsnap/load_path_cache/core_ext/active_support.rb:16:in `allow_bootsnap_retry'
bootsnap (1.4.4) lib/bootsnap/load_path_cache/core_ext/active_support.rb:59:in `load_missing_constant'
activesupport (5.2.3) lib/active_support/dependencies.rb:195:in `const_missing'
activesupport (5.2.3) lib/active_support/inflector/methods.rb:283:in `const_get'
activesupport (5.2.3) lib/active_support/inflector/methods.rb:283:in `block in constantize'
activesupport (5.2.3) lib/active_support/inflector/methods.rb:281:in `each'
activesupport (5.2.3) lib/active_support/inflector/methods.rb:281:in `inject'
activesupport (5.2.3) lib/active_support/inflector/methods.rb:281:in `constantize'
activesupport (5.2.3) lib/active_support/dependencies.rb:582:in `get'
activesupport (5.2.3) lib/active_support/dependencies.rb:613:in `constantize'
actionpack (5.2.3) lib/action_dispatch/http/request.rb:88:in `controller_class_for'
actionpack (5.2.3) lib/action_dispatch/http/parameters.rb:101:in `binary_params_for?'
actionpack (5.2.3) lib/action_dispatch/http/parameters.rb:92:in `set_binary_encoding'
actionpack (5.2.3) lib/action_dispatch/http/parameters.rb:69:in `path_parameters='
actionpack (5.2.3) lib/action_dispatch/journey/router.rb:50:in `block in serve'
actionpack (5.2.3) lib/action_dispatch/journey/router.rb:35:in `each'
actionpack (5.2.3) lib/action_dispatch/journey/router.rb:35:in `serve'
actionpack (5.2.3) lib/action_dispatch/routing/route_set.rb:840:in `call'
rack (2.0.7) lib/rack/tempfile_reaper.rb:15:in `call'
rack (2.0.7) lib/rack/etag.rb:25:in `call'
rack (2.0.7) lib/rack/conditional_get.rb:25:in `call'
rack (2.0.7) lib/rack/head.rb:12:in `call'
actionpack (5.2.3) lib/action_dispatch/http/content_security_policy.rb:18:in `call'
rack (2.0.7) lib/rack/session/abstract/id.rb:232:in `context'
rack (2.0.7) lib/rack/session/abstract/id.rb:226:in `call'
actionpack (5.2.3) lib/action_dispatch/middleware/cookies.rb:670:in `call'
activerecord (5.2.3) lib/active_record/migration.rb:559:in `call'
actionpack (5.2.3) lib/action_dispatch/middleware/callbacks.rb:28:in `block in call'
activesupport (5.2.3) lib/active_support/callbacks.rb:98:in `run_callbacks'
actionpack (5.2.3) lib/action_dispatch/middleware/callbacks.rb:26:in `call'
actionpack (5.2.3) lib/action_dispatch/middleware/executor.rb:14:in `call'
actionpack (5.2.3) lib/action_dispatch/middleware/debug_exceptions.rb:61:in `call'
web-console (3.7.0) lib/web_console/middleware.rb:135:in `call_app'
web-console (3.7.0) lib/web_console/middleware.rb:30:in `block in call'
web-console (3.7.0) lib/web_console/middleware.rb:20:in `catch'
web-console (3.7.0) lib/web_console/middleware.rb:20:in `call'
actionpack (5.2.3) lib/action_dispatch/middleware/show_exceptions.rb:33:in `call'
railties (5.2.3) lib/rails/rack/logger.rb:38:in `call_app'
railties (5.2.3) lib/rails/rack/logger.rb:26:in `block in call'
activesupport (5.2.3) lib/active_support/tagged_logging.rb:71:in `block in tagged'
activesupport (5.2.3) lib/active_support/tagged_logging.rb:28:in `tagged'
activesupport (5.2.3) lib/active_support/tagged_logging.rb:71:in `tagged'
railties (5.2.3) lib/rails/rack/logger.rb:26:in `call'
sprockets-rails (3.2.1) lib/sprockets/rails/quiet_assets.rb:13:in `call'
actionpack (5.2.3) lib/action_dispatch/middleware/remote_ip.rb:81:in `call'
actionpack (5.2.3) lib/action_dispatch/middleware/request_id.rb:27:in `call'
rack (2.0.7) lib/rack/method_override.rb:22:in `call'
rack (2.0.7) lib/rack/runtime.rb:22:in `call'
activesupport (5.2.3) lib/active_support/cache/strategy/local_cache_middleware.rb:29:in `call'
actionpack (5.2.3) lib/action_dispatch/middleware/executor.rb:14:in `call'
actionpack (5.2.3) lib/action_dispatch/middleware/static.rb:127:in `call'
rack (2.0.7) lib/rack/sendfile.rb:111:in `call'
railties (5.2.3) lib/rails/engine.rb:524:in `call'
puma (3.12.1) lib/puma/configuration.rb:227:in `call'
puma (3.12.1) lib/puma/server.rb:660:in `handle_request'
puma (3.12.1) lib/puma/server.rb:474:in `process_client'
puma (3.12.1) lib/puma/server.rb:334:in `block in run'
puma (3.12.1) lib/puma/thread_pool.rb:135:in `block in spawn_thread'
Started GET "/login" for ::1 at 2019-07-30 15:59:18 -0500
  
ActionController::RoutingError (uninitialized constant SessionsController):
  
bootsnap (1.4.4) lib/bootsnap/load_path_cache/core_ext/active_support.rb:79:in `block in load_missing_constant'
bootsnap (1.4.4) lib/bootsnap/load_path_cache/core_ext/active_support.rb:8:in `without_bootsnap_cache'
bootsnap (1.4.4) lib/bootsnap/load_path_cache/core_ext/active_support.rb:79:in `rescue in load_missing_constant'
bootsnap (1.4.4) lib/bootsnap/load_path_cache/core_ext/active_support.rb:58:in `load_missing_constant'
activesupport (5.2.3) lib/active_support/inflector/methods.rb:283:in `const_get'
activesupport (5.2.3) lib/active_support/inflector/methods.rb:283:in `block in constantize'
activesupport (5.2.3) lib/active_support/inflector/methods.rb:281:in `each'
activesupport (5.2.3) lib/active_support/inflector/methods.rb:281:in `inject'
activesupport (5.2.3) lib/active_support/inflector/methods.rb:281:in `constantize'
actionpack (5.2.3) lib/action_dispatch/http/request.rb:88:in `controller_class_for'
actionpack (5.2.3) lib/action_dispatch/http/request.rb:81:in `controller_class'
actionpack (5.2.3) lib/action_dispatch/routing/route_set.rb:46:in `controller'
actionpack (5.2.3) lib/action_dispatch/routing/route_set.rb:32:in `serve'
actionpack (5.2.3) lib/action_dispatch/journey/router.rb:52:in `block in serve'
actionpack (5.2.3) lib/action_dispatch/journey/router.rb:35:in `each'
actionpack (5.2.3) lib/action_dispatch/journey/router.rb:35:in `serve'
actionpack (5.2.3) lib/action_dispatch/routing/route_set.rb:840:in `call'
rack (2.0.7) lib/rack/tempfile_reaper.rb:15:in `call'
rack (2.0.7) lib/rack/etag.rb:25:in `call'
rack (2.0.7) lib/rack/conditional_get.rb:25:in `call'
rack (2.0.7) lib/rack/head.rb:12:in `call'
actionpack (5.2.3) lib/action_dispatch/http/content_security_policy.rb:18:in `call'
rack (2.0.7) lib/rack/session/abstract/id.rb:232:in `context'
rack (2.0.7) lib/rack/session/abstract/id.rb:226:in `call'
actionpack (5.2.3) lib/action_dispatch/middleware/cookies.rb:670:in `call'
activerecord (5.2.3) lib/active_record/migration.rb:559:in `call'
actionpack (5.2.3) lib/action_dispatch/middleware/callbacks.rb:28:in `block in call'
activesupport (5.2.3) lib/active_support/callbacks.rb:98:in `run_callbacks'
actionpack (5.2.3) lib/action_dispatch/middleware/callbacks.rb:26:in `call'
actionpack (5.2.3) lib/action_dispatch/middleware/executor.rb:14:in `call'
actionpack (5.2.3) lib/action_dispatch/middleware/debug_exceptions.rb:61:in `call'
web-console (3.7.0) lib/web_console/middleware.rb:135:in `call_app'
web-console (3.7.0) lib/web_console/middleware.rb:30:in `block in call'
web-console (3.7.0) lib/web_console/middleware.rb:20:in `catch'
web-console (3.7.0) lib/web_console/middleware.rb:20:in `call'
actionpack (5.2.3) lib/action_dispatch/middleware/show_exceptions.rb:33:in `call'
railties (5.2.3) lib/rails/rack/logger.rb:38:in `call_app'
railties (5.2.3) lib/rails/rack/logger.rb:26:in `block in call'
activesupport (5.2.3) lib/active_support/tagged_logging.rb:71:in `block in tagged'
activesupport (5.2.3) lib/active_support/tagged_logging.rb:28:in `tagged'
activesupport (5.2.3) lib/active_support/tagged_logging.rb:71:in `tagged'
railties (5.2.3) lib/rails/rack/logger.rb:26:in `call'
sprockets-rails (3.2.1) lib/sprockets/rails/quiet_assets.rb:13:in `call'
actionpack (5.2.3) lib/action_dispatch/middleware/remote_ip.rb:81:in `call'
actionpack (5.2.3) lib/action_dispatch/middleware/request_id.rb:27:in `call'
rack (2.0.7) lib/rack/method_override.rb:22:in `call'
rack (2.0.7) lib/rack/runtime.rb:22:in `call'
activesupport (5.2.3) lib/active_support/cache/strategy/local_cache_middleware.rb:29:in `call'
actionpack (5.2.3) lib/action_dispatch/middleware/executor.rb:14:in `call'
actionpack (5.2.3) lib/action_dispatch/middleware/static.rb:127:in `call'
rack (2.0.7) lib/rack/sendfile.rb:111:in `call'
railties (5.2.3) lib/rails/engine.rb:524:in `call'
puma (3.12.1) lib/puma/configuration.rb:227:in `call'
puma (3.12.1) lib/puma/server.rb:660:in `handle_request'
puma (3.12.1) lib/puma/server.rb:474:in `process_client'
puma (3.12.1) lib/puma/server.rb:334:in `block in run'
puma (3.12.1) lib/puma/thread_pool.rb:135:in `block in spawn_thread'
Started GET "/login" for ::1 at 2019-07-30 16:00:22 -0500
Processing by SessionsController#new as HTML
  Rendering sessions/new.html.erb within layouts/application
  Rendered sessions/new.html.erb within layouts/application (38.3ms)
Completed 200 OK in 492ms (Views: 470.3ms | ActiveRecord: 0.0ms)


Started POST "/login" for ::1 at 2019-07-30 16:00:35 -0500
Processing by SessionsController#create as JS
  Parameters: {"utf8"=>"✓", "authenticity_token"=>"mlDTbwkmZwN0eki49p4hAfzSaXsbW9igkXi/6tMgAMYeFA82SEvcUFpUK+DjXZBHaF+/ngmhQsATpQj43hLh5w==", "name"=>"Scott", "password"=>"[FILTERED]", "commit"=>"Login"}
Started GET "/login" for ::1 at 2019-07-30 16:01:04 -0500
Completed 500 Internal Server Error in 28532ms (ActiveRecord: 0.0ms)


Started GET "/login" for ::1 at 2019-07-30 16:01:04 -0500
Started GET "/login" for ::1 at 2019-07-30 16:01:04 -0500
  
Processing by SessionsController#new as HTML
SystemExit (exit):
Processing by SessionsController#new as HTML
Processing by SessionsController#new as HTML
  
(byebug):1:in `exit'
(byebug):1:in `create'
app/controllers/sessions_controller.rb:9:in `create'
  Rendering sessions/new.html.erb within layouts/application
  Rendered sessions/new.html.erb within layouts/application (17.9ms)
  Rendering sessions/new.html.erb within layouts/application
  Rendered sessions/new.html.erb within layouts/application (43.1ms)
  Rendering sessions/new.html.erb within layouts/application
  Rendered sessions/new.html.erb within layouts/application (32.4ms)
Completed 200 OK in 3541ms (Views: 3465.8ms | ActiveRecord: 0.0ms)


Completed 200 OK in 3536ms (Views: 3485.3ms | ActiveRecord: 0.0ms)


Completed 200 OK in 3545ms (Views: 3210.4ms | ActiveRecord: 0.0ms)


Started POST "/login" for ::1 at 2019-07-30 16:02:21 -0500
Processing by SessionsController#create as JS
  Parameters: {"utf8"=>"✓", "authenticity_token"=>"HwYhwgxPD1rtfZuQQ04zy73W79KTA+0DpLTGoCju/kybQv2bTSK0CcNT+MhWjYKNKVs5N4H5d2MmaXGyJdwfbQ==", "name"=>"vidhi", "password"=>"[FILTERED]", "commit"=>"Login"}
  [1m[36mUser Load (0.1ms)[0m  [1m[34mSELECT  "users".* FROM "users" WHERE "users"."name" = ? LIMIT ?[0m  [["name", "vidhi"], ["LIMIT", 1]]
  ↳ (byebug):1
  [1m[36mUser Load (0.4ms)[0m  [1m[34mSELECT  "users".* FROM "users" ORDER BY "users"."id" ASC LIMIT ?[0m  [["LIMIT", 1]]
  ↳ (byebug):1
Completed 500 Internal Server Error in 118989ms (ActiveRecord: 1.3ms)


  
SystemExit (exit):
  
(byebug):1:in `exit'
(byebug):1:in `create'
app/controllers/sessions_controller.rb:9:in `create'
Started GET "/login" for ::1 at 2019-07-30 16:04:23 -0500
Processing by SessionsController#new as HTML
  Rendering sessions/new.html.erb within layouts/application
  Rendered sessions/new.html.erb within layouts/application (23.1ms)
Completed 200 OK in 486ms (Views: 466.7ms | ActiveRecord: 0.0ms)


Started POST "/login" for ::1 at 2019-07-30 16:04:37 -0500
Processing by SessionsController#create as JS
  Parameters: {"utf8"=>"✓", "authenticity_token"=>"4LH3NWVRsnFkmYdKA/WUjH3lg0IUumV8qaZHCf6xD6hk9StsJDwJIkq35BIWNiXK6WhVpwZA/xwre/Ab84PuiQ==", "name"=>"Vidhi", "password"=>"[FILTERED]", "commit"=>"Login"}
  [1m[36mUser Load (0.4ms)[0m  [1m[34mSELECT  "users".* FROM "users" WHERE "users"."name" = ? LIMIT ?[0m  [["name", "Vidhi"], ["LIMIT", 1]]
  ↳ (byebug):1
Completed 500 Internal Server Error in 67185ms (ActiveRecord: 0.4ms)


  
SystemExit (exit):
  
(byebug):1:in `exit'
(byebug):1:in `create'
app/controllers/sessions_controller.rb:9:in `create'
Started GET "/login" for ::1 at 2019-07-30 16:05:48 -0500
Processing by SessionsController#new as HTML
  Rendering sessions/new.html.erb within layouts/application
  Rendered sessions/new.html.erb within layouts/application (24.3ms)
Completed 200 OK in 486ms (Views: 467.1ms | ActiveRecord: 0.0ms)


Started POST "/login" for ::1 at 2019-07-30 16:05:54 -0500
Processing by SessionsController#create as JS
  Parameters: {"utf8"=>"✓", "authenticity_token"=>"kEzuQ8Mk3Xh9UzEv045xPKNEJIgyJD2jHQSq5s7LTXEUCDIagklmK1N9UnfGTcB6N8nybSDep8Of2R30w/msUA==", "name"=>"Vidhi", "password"=>"[FILTERED]", "commit"=>"Login"}
  [1m[36mUser Load (0.2ms)[0m  [1m[34mSELECT  "users".* FROM "users" WHERE "users"."name" = ? LIMIT ?[0m  [["name", "Vidhi"], ["LIMIT", 1]]
  ↳ (byebug):1
Completed 500 Internal Server Error in 13525ms (ActiveRecord: 0.2ms)


  
SystemExit (exit):
  
(byebug):1:in `exit'
(byebug):1:in `create'
app/controllers/sessions_controller.rb:9:in `create'
Started GET "/users/4" for ::1 at 2019-07-30 16:12:34 -0500
  [1m[35m (0.2ms)[0m  [1m[34mSELECT "schema_migrations"."version" FROM "schema_migrations" ORDER BY "schema_migrations"."version" ASC[0m
  ↳ /Users/vidhi.sharma/.rvm/gems/ruby-2.6.1/gems/activerecord-5.2.3/lib/active_record/log_subscriber.rb:98
Processing by UsersController#show as HTML
  Parameters: {"id"=>"4"}
Completed 404 Not Found in 12ms (ActiveRecord: 0.5ms)


  
ActiveRecord::RecordNotFound (Couldn't find User without an ID):
  
app/controllers/users_controller.rb:4:in `show'
Started GET "/login" for ::1 at 2019-07-30 16:12:56 -0500
Processing by SessionsController#new as HTML
  Rendering sessions/new.html.erb within layouts/application
  Rendered sessions/new.html.erb within layouts/application (6.7ms)
Completed 200 OK in 215ms (Views: 213.7ms | ActiveRecord: 0.0ms)


Started POST "/login" for ::1 at 2019-07-30 16:13:12 -0500
Processing by SessionsController#create as JS
  Parameters: {"utf8"=>"✓", "authenticity_token"=>"RwXb7bGA0Oud2z/Ht67vyxdFood3NkWSvLIl0vZweWTDQQe08O1ruLP1XJ+ibV6Ng8h0YmXM3/I+b5LA+0KYRQ==", "name"=>"Vidhi", "password"=>"[FILTERED]", "commit"=>"Login"}
  [1m[36mUser Load (0.2ms)[0m  [1m[34mSELECT  "users".* FROM "users" WHERE "users"."name" = ? LIMIT ?[0m  [["name", "Vidhi"], ["LIMIT", 1]]
  ↳ app/controllers/sessions_controller.rb:8
Redirected to http://localhost:3000/users/1
Completed 200 OK in 236ms (ActiveRecord: 0.2ms)


Started GET "/users/1" for ::1 at 2019-07-30 16:13:12 -0500
Processing by UsersController#show as HTML
  Parameters: {"id"=>"1"}
  [1m[36mUser Load (0.2ms)[0m  [1m[34mSELECT  "users".* FROM "users" WHERE "users"."id" = ? LIMIT ?[0m  [["id", 1], ["LIMIT", 1]]
  ↳ app/controllers/users_controller.rb:4
  Rendering users/show.html.erb within layouts/application
  Rendered users/show.html.erb within layouts/application (1.2ms)
Completed 200 OK in 66ms (Views: 62.0ms | ActiveRecord: 0.2ms)


Started GET "/users/4" for ::1 at 2019-07-30 16:13:20 -0500
Processing by UsersController#show as HTML
  Parameters: {"id"=>"4"}
  [1m[36mUser Load (0.1ms)[0m  [1m[34mSELECT  "users".* FROM "users" WHERE "users"."id" = ? LIMIT ?[0m  [["id", 1], ["LIMIT", 1]]
  ↳ app/controllers/users_controller.rb:4
  Rendering users/show.html.erb within layouts/application
  Rendered users/show.html.erb within layouts/application (0.5ms)
Completed 200 OK in 54ms (Views: 48.8ms | ActiveRecord: 0.1ms)


Started GET "/users/4" for ::1 at 2019-07-30 16:19:49 -0500
Processing by UsersController#show as HTML
  Parameters: {"id"=>"4"}
  [1m[36mUser Load (0.2ms)[0m  [1m[34mSELECT  "users".* FROM "users" WHERE "users"."id" = ? LIMIT ?[0m  [["id", 1], ["LIMIT", 1]]
  ↳ app/controllers/users_controller.rb:4
Completed 500 Internal Server Error in 98020ms (ActiveRecord: 1.7ms)


  
SystemExit (exit):
  
(byebug):1:in `exit'
(byebug):1:in `show'
app/controllers/users_controller.rb:6:in `show'
Started GET "/users/4" for ::1 at 2019-07-30 16:24:58 -0500
Processing by UsersController#show as HTML
  Parameters: {"id"=>"4"}
  [1m[36mUser Load (9.6ms)[0m  [1m[34mSELECT  "users".* FROM "users" WHERE "users"."id" = ? LIMIT ?[0m  [["id", 1], ["LIMIT", 1]]
  ↳ app/controllers/application_controller.rb:6
  [1m[36mCACHE User Load (0.3ms)[0m  [1m[34mSELECT  "users".* FROM "users" WHERE "users"."id" = ? LIMIT ?[0m  [["id", 1], ["LIMIT", 1]]
  ↳ app/controllers/users_controller.rb:4
Completed 500 Internal Server Error in 7631ms (ActiveRecord: 16.7ms)


  
SystemExit (exit):
  
(byebug):1:in `exit'
(byebug):1:in `show'
app/controllers/users_controller.rb:6:in `show'
Started GET "/users/4" for ::1 at 2019-07-30 16:25:15 -0500
Processing by UsersController#show as HTML
  Parameters: {"id"=>"4"}
  [1m[36mUser Load (1.5ms)[0m  [1m[34mSELECT  "users".* FROM "users" WHERE "users"."id" = ? LIMIT ?[0m  [["id", 1], ["LIMIT", 1]]
  ↳ app/controllers/application_controller.rb:6
  [1m[36mCACHE User Load (0.3ms)[0m  [1m[34mSELECT  "users".* FROM "users" WHERE "users"."id" = ? LIMIT ?[0m  [["id", 1], ["LIMIT", 1]]
  ↳ app/controllers/users_controller.rb:4
  Rendering users/show.html.erb within layouts/application
  Rendered users/show.html.erb within layouts/application (10.6ms)
Completed 200 OK in 542ms (Views: 357.8ms | ActiveRecord: 8.7ms)


Started GET "/users/1" for ::1 at 2019-07-30 16:25:21 -0500
Processing by UsersController#show as HTML
  Parameters: {"id"=>"1"}
  [1m[36mUser Load (1.1ms)[0m  [1m[34mSELECT  "users".* FROM "users" WHERE "users"."id" = ? LIMIT ?[0m  [["id", 1], ["LIMIT", 1]]
  ↳ app/controllers/application_controller.rb:6
  [1m[36mCACHE User Load (0.4ms)[0m  [1m[34mSELECT  "users".* FROM "users" WHERE "users"."id" = ? LIMIT ?[0m  [["id", 1], ["LIMIT", 1]]
  ↳ app/controllers/users_controller.rb:4
  Rendering users/show.html.erb within layouts/application
  Rendered users/show.html.erb within layouts/application (1.6ms)
Completed 200 OK in 484ms (Views: 407.5ms | ActiveRecord: 1.5ms)


Started GET "/users/1" for ::1 at 2019-07-30 16:30:46 -0500
Processing by UsersController#show as HTML
  Parameters: {"id"=>"1"}
  [1m[36mUser Load (1.4ms)[0m  [1m[34mSELECT  "users".* FROM "users" WHERE "users"."id" = ? LIMIT ?[0m  [["id", 1], ["LIMIT", 1]]
  ↳ app/controllers/application_controller.rb:6
  [1m[36mCACHE User Load (0.6ms)[0m  [1m[34mSELECT  "users".* FROM "users" WHERE "users"."id" = ? LIMIT ?[0m  [["id", 1], ["LIMIT", 1]]
  ↳ app/controllers/users_controller.rb:4
  Rendering users/show.html.erb within layouts/application
  Rendered users/show.html.erb within layouts/application (19.7ms)
Completed 200 OK in 590ms (Views: 360.7ms | ActiveRecord: 10.2ms)


Started DELETE "/logout" for ::1 at 2019-07-30 16:30:50 -0500
Processing by SessionsController#destroy as JS
  Parameters: {"utf8"=>"✓", "authenticity_token"=>"hgHZ6caxjs2jRV/70c763sXnLY3y8WG31FsqadCyI2UCRQWwh9w1no1rPKPEDUuYUWr7aOAL+9dWhp173YDCRA==", "commit"=>"Logout"}
  [1m[36mUser Load (0.8ms)[0m  [1m[34mSELECT  "users".* FROM "users" WHERE "users"."id" = ? LIMIT ?[0m  [["id", 1], ["LIMIT", 1]]
  ↳ app/controllers/application_controller.rb:6
No template found for SessionsController#destroy, rendering head :no_content
Completed 204 No Content in 66ms (ActiveRecord: 0.8ms)


Started DELETE "/logout" for ::1 at 2019-07-30 16:30:53 -0500
Processing by SessionsController#destroy as JS
  Parameters: {"utf8"=>"✓", "authenticity_token"=>"hgHZ6caxjs2jRV/70c763sXnLY3y8WG31FsqadCyI2UCRQWwh9w1no1rPKPEDUuYUWr7aOAL+9dWhp173YDCRA==", "commit"=>"Logout"}
Redirected to http://localhost:3000/login
Filter chain halted as :authenicated rendered or redirected
Completed 200 OK in 22ms (ActiveRecord: 0.0ms)


Started GET "/login" for ::1 at 2019-07-30 16:30:54 -0500
Processing by SessionsController#new as HTML
Redirected to http://localhost:3000/login
Filter chain halted as :authenicated rendered or redirected
Completed 302 Found in 26ms (ActiveRecord: 0.0ms)


Started GET "/login" for ::1 at 2019-07-30 16:30:54 -0500
Processing by SessionsController#new as HTML
Redirected to http://localhost:3000/login
Filter chain halted as :authenicated rendered or redirected
Completed 302 Found in 18ms (ActiveRecord: 0.0ms)


Started GET "/login" for ::1 at 2019-07-30 16:30:54 -0500
Processing by SessionsController#new as HTML
Redirected to http://localhost:3000/login
Filter chain halted as :authenicated rendered or redirected
Completed 302 Found in 20ms (ActiveRecord: 0.0ms)


Started GET "/login" for ::1 at 2019-07-30 16:30:54 -0500
Processing by SessionsController#new as HTML
Redirected to http://localhost:3000/login
Filter chain halted as :authenicated rendered or redirected
Completed 302 Found in 19ms (ActiveRecord: 0.0ms)


Started GET "/login" for ::1 at 2019-07-30 16:30:54 -0500
Processing by SessionsController#new as HTML
Redirected to http://localhost:3000/login
Filter chain halted as :authenicated rendered or redirected
Completed 302 Found in 18ms (ActiveRecord: 0.0ms)


Started GET "/login" for ::1 at 2019-07-30 16:30:54 -0500
Processing by SessionsController#new as HTML
Redirected to http://localhost:3000/login
Filter chain halted as :authenicated rendered or redirected
Completed 302 Found in 19ms (ActiveRecord: 0.0ms)


Started GET "/login" for ::1 at 2019-07-30 16:30:54 -0500
Processing by SessionsController#new as HTML
Redirected to http://localhost:3000/login
Filter chain halted as :authenicated rendered or redirected
Completed 302 Found in 16ms (ActiveRecord: 0.0ms)


Started GET "/login" for ::1 at 2019-07-30 16:30:54 -0500
Processing by SessionsController#new as HTML
Redirected to http://localhost:3000/login
Filter chain halted as :authenicated rendered or redirected
Completed 302 Found in 15ms (ActiveRecord: 0.0ms)


Started GET "/login" for ::1 at 2019-07-30 16:30:54 -0500
Processing by SessionsController#new as HTML
Redirected to http://localhost:3000/login
Filter chain halted as :authenicated rendered or redirected
Completed 302 Found in 9ms (ActiveRecord: 0.0ms)


Started GET "/login" for ::1 at 2019-07-30 16:30:54 -0500
Processing by SessionsController#new as HTML
Redirected to http://localhost:3000/login
Filter chain halted as :authenicated rendered or redirected
Completed 302 Found in 15ms (ActiveRecord: 0.0ms)


Started GET "/login" for ::1 at 2019-07-30 16:30:54 -0500
Processing by SessionsController#new as HTML
Redirected to http://localhost:3000/login
Filter chain halted as :authenicated rendered or redirected
Completed 302 Found in 17ms (ActiveRecord: 0.0ms)


Started GET "/login" for ::1 at 2019-07-30 16:30:54 -0500
Processing by SessionsController#new as HTML
Redirected to http://localhost:3000/login
Filter chain halted as :authenicated rendered or redirected
Completed 302 Found in 29ms (ActiveRecord: 0.0ms)


Started GET "/login" for ::1 at 2019-07-30 16:30:54 -0500
Processing by SessionsController#new as HTML
Redirected to http://localhost:3000/login
Filter chain halted as :authenicated rendered or redirected
Completed 302 Found in 11ms (ActiveRecord: 0.0ms)


Started GET "/login" for ::1 at 2019-07-30 16:30:55 -0500
Processing by SessionsController#new as HTML
Redirected to http://localhost:3000/login
Filter chain halted as :authenicated rendered or redirected
Completed 302 Found in 19ms (ActiveRecord: 0.0ms)


Started GET "/login" for ::1 at 2019-07-30 16:30:55 -0500
Processing by SessionsController#new as HTML
Redirected to http://localhost:3000/login
Filter chain halted as :authenicated rendered or redirected
Completed 302 Found in 18ms (ActiveRecord: 0.0ms)


Started GET "/login" for ::1 at 2019-07-30 16:30:55 -0500
Processing by SessionsController#new as HTML
Redirected to http://localhost:3000/login
Filter chain halted as :authenicated rendered or redirected
Completed 302 Found in 42ms (ActiveRecord: 0.0ms)


Started GET "/login" for ::1 at 2019-07-30 16:30:55 -0500
Processing by SessionsController#new as HTML
Redirected to http://localhost:3000/login
Filter chain halted as :authenicated rendered or redirected
Completed 302 Found in 12ms (ActiveRecord: 0.0ms)


Started GET "/login" for ::1 at 2019-07-30 16:30:55 -0500
Processing by SessionsController#new as HTML
Redirected to http://localhost:3000/login
Filter chain halted as :authenicated rendered or redirected
Completed 302 Found in 15ms (ActiveRecord: 0.0ms)


Started GET "/login" for ::1 at 2019-07-30 16:30:55 -0500
Processing by SessionsController#new as HTML
Redirected to http://localhost:3000/login
Filter chain halted as :authenicated rendered or redirected
Completed 302 Found in 17ms (ActiveRecord: 0.0ms)


Started GET "/login" for ::1 at 2019-07-30 16:30:55 -0500
Processing by SessionsController#new as HTML
Redirected to http://localhost:3000/login
Filter chain halted as :authenicated rendered or redirected
Completed 302 Found in 18ms (ActiveRecord: 0.0ms)


Started GET "/login" for ::1 at 2019-07-30 16:30:55 -0500
Processing by SessionsController#new as HTML
Redirected to http://localhost:3000/login
Filter chain halted as :authenicated rendered or redirected
Completed 302 Found in 14ms (ActiveRecord: 0.0ms)


Started GET "/login" for ::1 at 2019-07-30 16:30:55 -0500
Processing by SessionsController#new as HTML
Redirected to http://localhost:3000/login
Filter chain halted as :authenicated rendered or redirected
Completed 302 Found in 25ms (ActiveRecord: 0.0ms)


Started GET "/login" for ::1 at 2019-07-30 16:30:55 -0500
Processing by SessionsController#new as HTML
Redirected to http://localhost:3000/login
Filter chain halted as :authenicated rendered or redirected
Completed 302 Found in 28ms (ActiveRecord: 0.0ms)


Started GET "/login" for ::1 at 2019-07-30 16:30:55 -0500
Processing by SessionsController#new as HTML
Redirected to http://localhost:3000/login
Filter chain halted as :authenicated rendered or redirected
Completed 302 Found in 30ms (ActiveRecord: 0.0ms)


Started GET "/login" for ::1 at 2019-07-30 16:30:55 -0500
Processing by SessionsController#new as HTML
Redirected to http://localhost:3000/login
Filter chain halted as :authenicated rendered or redirected
Completed 302 Found in 27ms (ActiveRecord: 0.0ms)


Started GET "/login" for ::1 at 2019-07-30 16:30:56 -0500
Processing by SessionsController#new as HTML
Redirected to http://localhost:3000/login
Filter chain halted as :authenicated rendered or redirected
Completed 302 Found in 28ms (ActiveRecord: 0.0ms)


Started GET "/login" for ::1 at 2019-07-30 16:30:56 -0500
Processing by SessionsController#new as HTML
Redirected to http://localhost:3000/login
Filter chain halted as :authenicated rendered or redirected
Completed 302 Found in 11ms (ActiveRecord: 0.0ms)


Started GET "/login" for ::1 at 2019-07-30 16:30:56 -0500
Processing by SessionsController#new as HTML
Redirected to http://localhost:3000/login
Filter chain halted as :authenicated rendered or redirected
Completed 302 Found in 29ms (ActiveRecord: 0.0ms)


Started GET "/login" for ::1 at 2019-07-30 16:30:56 -0500
Processing by SessionsController#new as HTML
Redirected to http://localhost:3000/login
Filter chain halted as :authenicated rendered or redirected
Completed 302 Found in 19ms (ActiveRecord: 0.0ms)


Started GET "/login" for ::1 at 2019-07-30 16:30:56 -0500
Processing by SessionsController#new as HTML
Redirected to http://localhost:3000/login
Filter chain halted as :authenicated rendered or redirected
Completed 302 Found in 24ms (ActiveRecord: 0.0ms)


Started GET "/login" for ::1 at 2019-07-30 16:30:56 -0500
Processing by SessionsController#new as HTML
Redirected to http://localhost:3000/login
Filter chain halted as :authenicated rendered or redirected
Completed 302 Found in 21ms (ActiveRecord: 0.0ms)


Started GET "/login" for ::1 at 2019-07-30 16:30:56 -0500
Processing by SessionsController#new as HTML
Redirected to http://localhost:3000/login
Filter chain halted as :authenicated rendered or redirected
Completed 302 Found in 20ms (ActiveRecord: 0.0ms)


Started GET "/login" for ::1 at 2019-07-30 16:30:56 -0500
Processing by SessionsController#new as HTML
Redirected to http://localhost:3000/login
Filter chain halted as :authenicated rendered or redirected
Completed 302 Found in 9ms (ActiveRecord: 0.0ms)


Started GET "/login" for ::1 at 2019-07-30 16:30:56 -0500
Processing by SessionsController#new as HTML
Redirected to http://localhost:3000/login
Filter chain halted as :authenicated rendered or redirected
Completed 302 Found in 19ms (ActiveRecord: 0.0ms)


Started GET "/login" for ::1 at 2019-07-30 16:30:56 -0500
Processing by SessionsController#new as HTML
Redirected to http://localhost:3000/login
Filter chain halted as :authenicated rendered or redirected
Completed 302 Found in 23ms (ActiveRecord: 0.0ms)


Started GET "/login" for ::1 at 2019-07-30 16:30:56 -0500
Processing by SessionsController#new as HTML
Redirected to http://localhost:3000/login
Filter chain halted as :authenicated rendered or redirected
Completed 302 Found in 21ms (ActiveRecord: 0.0ms)


Started GET "/login" for ::1 at 2019-07-30 16:30:56 -0500
Processing by SessionsController#new as HTML
Redirected to http://localhost:3000/login
Filter chain halted as :authenicated rendered or redirected
Completed 302 Found in 17ms (ActiveRecord: 0.0ms)


Started GET "/login" for ::1 at 2019-07-30 16:30:57 -0500
Processing by SessionsController#new as HTML
Redirected to http://localhost:3000/login
Filter chain halted as :authenicated rendered or redirected
Completed 302 Found in 10ms (ActiveRecord: 0.0ms)


Started GET "/login" for ::1 at 2019-07-30 16:30:57 -0500
Processing by SessionsController#new as HTML
Redirected to http://localhost:3000/login
Filter chain halted as :authenicated rendered or redirected
Completed 302 Found in 18ms (ActiveRecord: 0.0ms)


Started GET "/login" for ::1 at 2019-07-30 16:30:57 -0500
Processing by SessionsController#new as HTML
Redirected to http://localhost:3000/login
Filter chain halted as :authenicated rendered or redirected
Completed 302 Found in 19ms (ActiveRecord: 0.0ms)


Started GET "/login" for ::1 at 2019-07-30 16:30:57 -0500
Processing by SessionsController#new as HTML
Redirected to http://localhost:3000/login
Filter chain halted as :authenicated rendered or redirected
Completed 302 Found in 20ms (ActiveRecord: 0.0ms)


Started GET "/login" for ::1 at 2019-07-30 16:30:57 -0500
Processing by SessionsController#new as HTML
Redirected to http://localhost:3000/login
Filter chain halted as :authenicated rendered or redirected
Completed 302 Found in 18ms (ActiveRecord: 0.0ms)


Started GET "/login" for ::1 at 2019-07-30 16:30:57 -0500
Processing by SessionsController#new as HTML
Redirected to http://localhost:3000/login
Filter chain halted as :authenicated rendered or redirected
Completed 302 Found in 38ms (ActiveRecord: 0.0ms)


Started GET "/login" for ::1 at 2019-07-30 16:30:57 -0500
Processing by SessionsController#new as HTML
Redirected to http://localhost:3000/login
Filter chain halted as :authenicated rendered or redirected
Completed 302 Found in 20ms (ActiveRecord: 0.0ms)


Started GET "/login" for ::1 at 2019-07-30 16:30:58 -0500
Processing by SessionsController#new as HTML
Redirected to http://localhost:3000/login
Filter chain halted as :authenicated rendered or redirected
Completed 302 Found in 22ms (ActiveRecord: 0.0ms)


Started GET "/login" for ::1 at 2019-07-30 16:30:58 -0500
Processing by SessionsController#new as HTML
Redirected to http://localhost:3000/login
Filter chain halted as :authenicated rendered or redirected
Completed 302 Found in 31ms (ActiveRecord: 0.0ms)


Started GET "/login" for ::1 at 2019-07-30 16:30:58 -0500
Processing by SessionsController#new as HTML
Redirected to http://localhost:3000/login
Filter chain halted as :authenicated rendered or redirected
Completed 302 Found in 18ms (ActiveRecord: 0.0ms)


Started GET "/login" for ::1 at 2019-07-30 16:30:58 -0500
Processing by SessionsController#new as HTML
Redirected to http://localhost:3000/login
Filter chain halted as :authenicated rendered or redirected
Completed 302 Found in 18ms (ActiveRecord: 0.0ms)


Started GET "/login" for ::1 at 2019-07-30 16:30:58 -0500
Processing by SessionsController#new as HTML
Redirected to http://localhost:3000/login
Filter chain halted as :authenicated rendered or redirected
Completed 302 Found in 19ms (ActiveRecord: 0.0ms)


Started GET "/login" for ::1 at 2019-07-30 16:30:58 -0500
Processing by SessionsController#new as HTML
Redirected to http://localhost:3000/login
Filter chain halted as :authenicated rendered or redirected
Completed 302 Found in 19ms (ActiveRecord: 0.0ms)


Started GET "/login" for ::1 at 2019-07-30 16:30:58 -0500
Processing by SessionsController#new as HTML
Redirected to http://localhost:3000/login
Filter chain halted as :authenicated rendered or redirected
Completed 302 Found in 10ms (ActiveRecord: 0.0ms)


Started GET "/login" for ::1 at 2019-07-30 16:30:58 -0500
Processing by SessionsController#new as HTML
Redirected to http://localhost:3000/login
Filter chain halted as :authenicated rendered or redirected
Completed 302 Found in 19ms (ActiveRecord: 0.0ms)


Started GET "/login" for ::1 at 2019-07-30 16:30:58 -0500
Processing by SessionsController#new as HTML
Redirected to http://localhost:3000/login
Filter chain halted as :authenicated rendered or redirected
Completed 302 Found in 26ms (ActiveRecord: 0.0ms)


Started GET "/login" for ::1 at 2019-07-30 16:30:58 -0500
Processing by SessionsController#new as HTML
Redirected to http://localhost:3000/login
Filter chain halted as :authenicated rendered or redirected
Completed 302 Found in 18ms (ActiveRecord: 0.0ms)


Started GET "/login" for ::1 at 2019-07-30 16:30:58 -0500
Processing by SessionsController#new as HTML
Redirected to http://localhost:3000/login
Filter chain halted as :authenicated rendered or redirected
Completed 302 Found in 12ms (ActiveRecord: 0.0ms)


Started GET "/login" for ::1 at 2019-07-30 16:30:58 -0500
Processing by SessionsController#new as HTML
Redirected to http://localhost:3000/login
Filter chain halted as :authenicated rendered or redirected
Completed 302 Found in 21ms (ActiveRecord: 0.0ms)


Started GET "/login" for ::1 at 2019-07-30 16:30:58 -0500
Processing by SessionsController#new as HTML
Redirected to http://localhost:3000/login
Filter chain halted as :authenicated rendered or redirected
Completed 302 Found in 20ms (ActiveRecord: 0.0ms)


Started GET "/login" for ::1 at 2019-07-30 16:30:59 -0500
Processing by SessionsController#new as HTML
Redirected to http://localhost:3000/login
Filter chain halted as :authenicated rendered or redirected
Completed 302 Found in 22ms (ActiveRecord: 0.0ms)


Started GET "/login" for ::1 at 2019-07-30 16:30:59 -0500
Processing by SessionsController#new as HTML
Redirected to http://localhost:3000/login
Filter chain halted as :authenicated rendered or redirected
Completed 302 Found in 13ms (ActiveRecord: 0.0ms)


Started GET "/login" for ::1 at 2019-07-30 16:30:59 -0500
Processing by SessionsController#new as HTML
Redirected to http://localhost:3000/login
Filter chain halted as :authenicated rendered or redirected
Completed 302 Found in 18ms (ActiveRecord: 0.0ms)


Started GET "/login" for ::1 at 2019-07-30 16:30:59 -0500
Processing by SessionsController#new as HTML
Redirected to http://localhost:3000/login
Filter chain halted as :authenicated rendered or redirected
Completed 302 Found in 20ms (ActiveRecord: 0.0ms)


Started GET "/login" for ::1 at 2019-07-30 16:31:05 -0500
Processing by SessionsController#new as HTML
Redirected to http://localhost:3000/login
Filter chain halted as :authenicated rendered or redirected
Completed 302 Found in 22ms (ActiveRecord: 0.0ms)


Started GET "/login" for ::1 at 2019-07-30 16:31:05 -0500
Processing by SessionsController#new as HTML
Redirected to http://localhost:3000/login
Filter chain halted as :authenicated rendered or redirected
Completed 302 Found in 23ms (ActiveRecord: 0.0ms)


Started GET "/login" for ::1 at 2019-07-30 16:31:05 -0500
Processing by SessionsController#new as HTML
Redirected to http://localhost:3000/login
Filter chain halted as :authenicated rendered or redirected
Completed 302 Found in 25ms (ActiveRecord: 0.0ms)


Started GET "/login" for ::1 at 2019-07-30 16:31:05 -0500
Processing by SessionsController#new as HTML
Redirected to http://localhost:3000/login
Filter chain halted as :authenicated rendered or redirected
Completed 302 Found in 23ms (ActiveRecord: 0.0ms)


Started GET "/login" for ::1 at 2019-07-30 16:31:05 -0500
Processing by SessionsController#new as HTML
Redirected to http://localhost:3000/login
Filter chain halted as :authenicated rendered or redirected
Completed 302 Found in 22ms (ActiveRecord: 0.0ms)


Started GET "/login" for ::1 at 2019-07-30 16:31:06 -0500
Processing by SessionsController#new as HTML
Redirected to http://localhost:3000/login
Filter chain halted as :authenicated rendered or redirected
Completed 302 Found in 20ms (ActiveRecord: 0.0ms)


Started GET "/login" for ::1 at 2019-07-30 16:31:06 -0500
Processing by SessionsController#new as HTML
Redirected to http://localhost:3000/login
Filter chain halted as :authenicated rendered or redirected
Completed 302 Found in 24ms (ActiveRecord: 0.0ms)


Started GET "/login" for ::1 at 2019-07-30 16:31:06 -0500
Processing by SessionsController#new as HTML
Redirected to http://localhost:3000/login
Filter chain halted as :authenicated rendered or redirected
Completed 302 Found in 10ms (ActiveRecord: 0.0ms)


Started GET "/login" for ::1 at 2019-07-30 16:31:06 -0500
Processing by SessionsController#new as HTML
Redirected to http://localhost:3000/login
Filter chain halted as :authenicated rendered or redirected
Completed 302 Found in 23ms (ActiveRecord: 0.0ms)


Started GET "/login" for ::1 at 2019-07-30 16:31:06 -0500
Processing by SessionsController#new as HTML
Redirected to http://localhost:3000/login
Filter chain halted as :authenicated rendered or redirected
Completed 302 Found in 18ms (ActiveRecord: 0.0ms)


Started GET "/login" for ::1 at 2019-07-30 16:31:06 -0500
Processing by SessionsController#new as HTML
Redirected to http://localhost:3000/login
Filter chain halted as :authenicated rendered or redirected
Completed 302 Found in 20ms (ActiveRecord: 0.0ms)


Started GET "/login" for ::1 at 2019-07-30 16:31:06 -0500
Processing by SessionsController#new as HTML
Redirected to http://localhost:3000/login
Filter chain halted as :authenicated rendered or redirected
Completed 302 Found in 24ms (ActiveRecord: 0.0ms)


Started GET "/login" for ::1 at 2019-07-30 16:31:06 -0500
Processing by SessionsController#new as HTML
Redirected to http://localhost:3000/login
Filter chain halted as :authenicated rendered or redirected
Completed 302 Found in 37ms (ActiveRecord: 0.0ms)


Started GET "/login" for ::1 at 2019-07-30 16:31:06 -0500
Processing by SessionsController#new as HTML
Redirected to http://localhost:3000/login
Filter chain halted as :authenicated rendered or redirected
Completed 302 Found in 26ms (ActiveRecord: 0.0ms)


Started GET "/login" for ::1 at 2019-07-30 16:31:06 -0500
Processing by SessionsController#new as HTML
Redirected to http://localhost:3000/login
Filter chain halted as :authenicated rendered or redirected
Completed 302 Found in 25ms (ActiveRecord: 0.0ms)


Started GET "/login" for ::1 at 2019-07-30 16:31:06 -0500
Processing by SessionsController#new as HTML
Redirected to http://localhost:3000/login
Filter chain halted as :authenicated rendered or redirected
Completed 302 Found in 30ms (ActiveRecord: 0.0ms)


Started GET "/login" for ::1 at 2019-07-30 16:31:07 -0500
Processing by SessionsController#new as HTML
Redirected to http://localhost:3000/login
Filter chain halted as :authenicated rendered or redirected
Completed 302 Found in 22ms (ActiveRecord: 0.0ms)


Started GET "/login" for ::1 at 2019-07-30 16:31:07 -0500
Processing by SessionsController#new as HTML
Redirected to http://localhost:3000/login
Filter chain halted as :authenicated rendered or redirected
Completed 302 Found in 24ms (ActiveRecord: 0.0ms)


Started GET "/login" for ::1 at 2019-07-30 16:31:07 -0500
Processing by SessionsController#new as HTML
Redirected to http://localhost:3000/login
Filter chain halted as :authenicated rendered or redirected
Completed 302 Found in 21ms (ActiveRecord: 0.0ms)


Started GET "/login" for ::1 at 2019-07-30 16:31:07 -0500
Processing by SessionsController#new as HTML
Redirected to http://localhost:3000/login
Filter chain halted as :authenicated rendered or redirected
Completed 302 Found in 21ms (ActiveRecord: 0.0ms)


Started GET "/login" for ::1 at 2019-07-30 16:34:11 -0500
Processing by SessionsController#new as HTML
  Rendering sessions/new.html.erb within layouts/application
  Rendered sessions/new.html.erb within layouts/application (24.2ms)
Completed 200 OK in 486ms (Views: 473.7ms | ActiveRecord: 0.0ms)


Started GET "/users" for ::1 at 2019-07-30 16:34:21 -0500
  
ActionController::RoutingError (No route matches [GET] "/users"):
  
actionpack (5.2.3) lib/action_dispatch/middleware/debug_exceptions.rb:65:in `call'
web-console (3.7.0) lib/web_console/middleware.rb:135:in `call_app'
web-console (3.7.0) lib/web_console/middleware.rb:30:in `block in call'
web-console (3.7.0) lib/web_console/middleware.rb:20:in `catch'
web-console (3.7.0) lib/web_console/middleware.rb:20:in `call'
actionpack (5.2.3) lib/action_dispatch/middleware/show_exceptions.rb:33:in `call'
railties (5.2.3) lib/rails/rack/logger.rb:38:in `call_app'
railties (5.2.3) lib/rails/rack/logger.rb:26:in `block in call'
activesupport (5.2.3) lib/active_support/tagged_logging.rb:71:in `block in tagged'
activesupport (5.2.3) lib/active_support/tagged_logging.rb:28:in `tagged'
activesupport (5.2.3) lib/active_support/tagged_logging.rb:71:in `tagged'
railties (5.2.3) lib/rails/rack/logger.rb:26:in `call'
sprockets-rails (3.2.1) lib/sprockets/rails/quiet_assets.rb:13:in `call'
actionpack (5.2.3) lib/action_dispatch/middleware/remote_ip.rb:81:in `call'
actionpack (5.2.3) lib/action_dispatch/middleware/request_id.rb:27:in `call'
rack (2.0.7) lib/rack/method_override.rb:22:in `call'
rack (2.0.7) lib/rack/runtime.rb:22:in `call'
activesupport (5.2.3) lib/active_support/cache/strategy/local_cache_middleware.rb:29:in `call'
actionpack (5.2.3) lib/action_dispatch/middleware/executor.rb:14:in `call'
actionpack (5.2.3) lib/action_dispatch/middleware/static.rb:127:in `call'
rack (2.0.7) lib/rack/sendfile.rb:111:in `call'
railties (5.2.3) lib/rails/engine.rb:524:in `call'
puma (3.12.1) lib/puma/configuration.rb:227:in `call'
puma (3.12.1) lib/puma/server.rb:660:in `handle_request'
puma (3.12.1) lib/puma/server.rb:474:in `process_client'
puma (3.12.1) lib/puma/server.rb:334:in `block in run'
puma (3.12.1) lib/puma/thread_pool.rb:135:in `block in spawn_thread'
Started GET "/users/1" for ::1 at 2019-07-30 16:34:27 -0500
Processing by UsersController#show as HTML
  Parameters: {"id"=>"1"}
Redirected to http://localhost:3000/login
Filter chain halted as :authenticated rendered or redirected
Completed 302 Found in 26ms (ActiveRecord: 0.0ms)


Started GET "/login" for ::1 at 2019-07-30 16:34:28 -0500
Processing by SessionsController#new as HTML
  Rendering sessions/new.html.erb within layouts/application
  Rendered sessions/new.html.erb within layouts/application (27.5ms)
Completed 200 OK in 426ms (Views: 398.1ms | ActiveRecord: 0.0ms)


Started POST "/login" for ::1 at 2019-07-30 16:34:43 -0500
Processing by SessionsController#create as JS
  Parameters: {"utf8"=>"✓", "authenticity_token"=>"tnovgrGjP7OnL5N54jwrof6RRnWdMK5urspWtzLm1OcyPvPb8M6E4IkB8CH3/5rnahyQkI/KNA4sF+GlP9Q1xg==", "name"=>"Vidhi", "password"=>"[FILTERED]", "commit"=>"Login"}
  [1m[36mUser Load (1.0ms)[0m  [1m[34mSELECT  "users".* FROM "users" WHERE "users"."name" = ? LIMIT ?[0m  [["name", "Vidhi"], ["LIMIT", 1]]
  ↳ app/controllers/sessions_controller.rb:9
Redirected to http://localhost:3000/users/1
Completed 200 OK in 507ms (ActiveRecord: 13.6ms)


Started GET "/users/1" for ::1 at 2019-07-30 16:34:43 -0500
Processing by UsersController#show as HTML
  Parameters: {"id"=>"1"}
  [1m[36mUser Load (8.2ms)[0m  [1m[34mSELECT  "users".* FROM "users" WHERE "users"."id" = ? LIMIT ?[0m  [["id", 1], ["LIMIT", 1]]
  ↳ app/controllers/application_controller.rb:6
  [1m[36mCACHE User Load (0.3ms)[0m  [1m[34mSELECT  "users".* FROM "users" WHERE "users"."id" = ? LIMIT ?[0m  [["id", 1], ["LIMIT", 1]]
  ↳ app/controllers/users_controller.rb:4
  Rendering users/show.html.erb within layouts/application
  Rendered users/show.html.erb within layouts/application (8.2ms)
Completed 200 OK in 504ms (Views: 411.3ms | ActiveRecord: 8.5ms)


Started DELETE "/logout" for ::1 at 2019-07-30 16:34:51 -0500
Processing by SessionsController#destroy as JS
  Parameters: {"utf8"=>"✓", "authenticity_token"=>"LLfjpqbrpRjyGVWH05d5TRJ5DEUejX5SJKNfl5B5Vn4uP9C/GUYPwH4nDLhnDe3iQhb++StJjYliVKYa2xm32A==", "commit"=>"Logout"}
  [1m[36mUser Load (1.2ms)[0m  [1m[34mSELECT  "users".* FROM "users" WHERE "users"."id" = ? LIMIT ?[0m  [["id", 1], ["LIMIT", 1]]
  ↳ app/controllers/application_controller.rb:6
No template found for SessionsController#destroy, rendering head :no_content
Completed 204 No Content in 64ms (ActiveRecord: 1.2ms)


Started DELETE "/logout" for ::1 at 2019-07-30 16:34:54 -0500
Processing by SessionsController#destroy as JS
  Parameters: {"utf8"=>"✓", "authenticity_token"=>"LLfjpqbrpRjyGVWH05d5TRJ5DEUejX5SJKNfl5B5Vn4uP9C/GUYPwH4nDLhnDe3iQhb++StJjYliVKYa2xm32A==", "commit"=>"Logout"}
Redirected to http://localhost:3000/login
Filter chain halted as :authenticated rendered or redirected
Completed 200 OK in 32ms (ActiveRecord: 0.0ms)


Started GET "/login" for ::1 at 2019-07-30 16:34:54 -0500
Processing by SessionsController#new as HTML
  Rendering sessions/new.html.erb within layouts/application
  Rendered sessions/new.html.erb within layouts/application (23.2ms)
Completed 200 OK in 447ms (Views: 415.9ms | ActiveRecord: 0.0ms)


